11:14:38.142 Test environment : test 
11:14:39.964 not a js function or feature file: [type: NULL, value: null]
11:14:40.037 not a js function or feature file: [type: NULL, value: null]
11:14:40.699 request:
1 > POST https://api.trello.com/1/organizations/?key=e2f4dc48ca5fe1543d15bf268ec6832a&token=e23c998dac52c53e201eb580532f4dc77690afb1a539eb2c068ed79307589c21&displayName=Hane%2C+Hauck+and+Lubowitz
1 > Accept: application/json
1 > Accept-Encoding: gzip,deflate
1 > Connection: Keep-Alive
1 > Content-Length: 0
1 > Content-Type: text/plain; charset=UTF-8
1 > Host: api.trello.com
1 > User-Agent: Apache-HttpClient/4.5.12 (Java/11.0.15)


11:14:41.889 response time in milliseconds: 1182.78
1 < 200
1 < Access-Control-Allow-Headers: Authorization, Accept, Content-Type
1 < Access-Control-Allow-Methods: GET, PUT, POST, DELETE
1 < Access-Control-Allow-Origin: *
1 < Access-Control-Expose-Headers: x-rate-limit-api-key-interval-ms, x-rate-limit-api-key-max, x-rate-limit-api-key-remaining, x-rate-limit-api-token-interval-ms, x-rate-limit-api-token-max, x-rate-limit-api-token-remaining
1 < Atl-Traceid: 6ebaf46b3c5a3247
1 < Cache-Control: max-age=0, must-revalidate, no-cache, no-store
1 < Content-Type: application/json; charset=utf-8
1 < Date: Thu, 07 Jul 2022 08:14:41 GMT
1 < Expect-Ct: report-uri="https://web-security-reports.services.atlassian.com/expect-ct-report/trello-edge", max-age=86400
1 < Expires: Thu, 01 Jan 1970 00:00:00
1 < Nel: {"report_to": "endpoint-1", "max_age": 600, "include_subdomains": true, "failure_fraction": 0.001}
1 < Pragma: no-cache
1 < Referrer-Policy: strict-origin-when-cross-origin
1 < Report-To: {"group": "endpoint-1", "max_age": 600, "endpoints": [{"url": "https://dj9s4kmieytgz.cloudfront.net"}], "include_subdomains": true}
1 < Server: globaledge-envoy
1 < Set-Cookie: preAuthProps=s%3A5e0ce63c48923a5e17e14879%3AisEnterpriseAdmin%3Dfalse.%2Bap%2BiAsGVo9wGkMGyBy9Bpfk96XhXhW5U1YJeodUlYY; Path=/; HttpOnly
1 < Strict-Transport-Security: max-age=63072000; preload
1 < Surrogate-Control: no-store
1 < Transfer-Encoding: chunked
1 < X-Content-Type-Options: nosniff
1 < X-Dns-Prefetch-Control: off
1 < X-Download-Options: noopen
1 < X-Envoy-Upstream-Service-Time: 292
1 < X-Frame-Options: DENY
1 < X-Permitted-Cross-Domain-Policies: none
1 < X-Rate-Limit-Action-Interval-Ms: 3600000
1 < X-Rate-Limit-Action-Max: 15000
1 < X-Rate-Limit-Action-Remaining: 14999
1 < X-Rate-Limit-Api-Key-Interval-Ms: 10000
1 < X-Rate-Limit-Api-Key-Max: 300
1 < X-Rate-Limit-Api-Key-Remaining: 299
1 < X-Rate-Limit-Api-Token-Interval-Ms: 10000
1 < X-Rate-Limit-Api-Token-Max: 100
1 < X-Rate-Limit-Api-Token-Remaining: 99
1 < X-Rate-Limit-Db-Query-Time-Interval-Ms: 600000
1 < X-Rate-Limit-Db-Query-Time-Max: 7200000
1 < X-Rate-Limit-Db-Query-Time-Remaining: 7199990
1 < X-Rate-Limit-Member-Interval-Ms: 10000
1 < X-Rate-Limit-Member-Max: 375
1 < X-Rate-Limit-Member-Remaining: 374
1 < X-Server-Time: 1657181681819
1 < X-Trello-Environment: Production
1 < X-Trello-Version: 1.141221.0
1 < X-Xss-Protection: 1; mode=block
{"id":"62c695f1573a77443b8ecb85","name":"hanehauckandlubowitz","displayName":"Hane, Hauck and Lubowitz","desc":"","descData":{"emoji":{}},"url":"https://trello.com/hanehauckandlubowitz","website":null,"teamType":null,"logoHash":null,"logoUrl":null,"products":[],"powerUps":[],"idMemberCreator":"5e0ce63c48923a5e17e14879","limits":{}}

11:14:41.899 [print] organizaton id >>> 62c695f1573a77443b8ecb85
11:14:41.906 not a js function or feature file: [type: NULL, value: null]
11:14:41.938 request:
1 > POST https://api.trello.com/1/boards/?key=e2f4dc48ca5fe1543d15bf268ec6832a&token=e23c998dac52c53e201eb580532f4dc77690afb1a539eb2c068ed79307589c21&name=Myria+Jordayne&idOrganization=62c695f1573a77443b8ecb85
1 > Accept: application/json
1 > Accept-Encoding: gzip,deflate
1 > Connection: Keep-Alive
1 > Content-Length: 0
1 > Content-Type: text/plain; charset=UTF-8
1 > Cookie: preAuthProps=s%3A5e0ce63c48923a5e17e14879%3AisEnterpriseAdmin%3Dfalse.%2Bap%2BiAsGVo9wGkMGyBy9Bpfk96XhXhW5U1YJeodUlYY
1 > Host: api.trello.com
1 > User-Agent: Apache-HttpClient/4.5.12 (Java/11.0.15)


11:14:42.488 response time in milliseconds: 547.43
1 < 200
1 < Access-Control-Allow-Headers: Authorization, Accept, Content-Type
1 < Access-Control-Allow-Methods: GET, PUT, POST, DELETE
1 < Access-Control-Allow-Origin: *
1 < Access-Control-Expose-Headers: x-rate-limit-api-key-interval-ms, x-rate-limit-api-key-max, x-rate-limit-api-key-remaining, x-rate-limit-api-token-interval-ms, x-rate-limit-api-token-max, x-rate-limit-api-token-remaining
1 < Atl-Traceid: c549aabe644dd977
1 < Cache-Control: max-age=0, must-revalidate, no-cache, no-store
1 < Content-Type: application/json; charset=utf-8
1 < Date: Thu, 07 Jul 2022 08:14:42 GMT
1 < Expect-Ct: report-uri="https://web-security-reports.services.atlassian.com/expect-ct-report/trello-edge", max-age=86400
1 < Expires: Thu, 01 Jan 1970 00:00:00
1 < Nel: {"report_to": "endpoint-1", "max_age": 600, "include_subdomains": true, "failure_fraction": 0.001}
1 < Pragma: no-cache
1 < Referrer-Policy: strict-origin-when-cross-origin
1 < Report-To: {"group": "endpoint-1", "max_age": 600, "endpoints": [{"url": "https://dj9s4kmieytgz.cloudfront.net"}], "include_subdomains": true}
1 < Server: globaledge-envoy
1 < Set-Cookie: preAuthProps=s%3A5e0ce63c48923a5e17e14879%3AisEnterpriseAdmin%3Dfalse.%2Bap%2BiAsGVo9wGkMGyBy9Bpfk96XhXhW5U1YJeodUlYY; Path=/; HttpOnly
1 < Strict-Transport-Security: max-age=63072000; preload
1 < Surrogate-Control: no-store
1 < Transfer-Encoding: chunked
1 < X-Content-Type-Options: nosniff
1 < X-Dns-Prefetch-Control: off
1 < X-Download-Options: noopen
1 < X-Envoy-Upstream-Service-Time: 254
1 < X-Frame-Options: DENY
1 < X-Permitted-Cross-Domain-Policies: none
1 < X-Rate-Limit-Action-Interval-Ms: 3600000
1 < X-Rate-Limit-Action-Max: 15000
1 < X-Rate-Limit-Action-Remaining: 14999
1 < X-Rate-Limit-Api-Key-Interval-Ms: 10000
1 < X-Rate-Limit-Api-Key-Max: 300
1 < X-Rate-Limit-Api-Key-Remaining: 298
1 < X-Rate-Limit-Api-Token-Interval-Ms: 10000
1 < X-Rate-Limit-Api-Token-Max: 100
1 < X-Rate-Limit-Api-Token-Remaining: 98
1 < X-Rate-Limit-Db-Query-Time-Interval-Ms: 600000
1 < X-Rate-Limit-Db-Query-Time-Max: 7200000
1 < X-Rate-Limit-Db-Query-Time-Remaining: 7199990
1 < X-Rate-Limit-Member-Interval-Ms: 10000
1 < X-Rate-Limit-Member-Max: 375
1 < X-Rate-Limit-Member-Remaining: 373
1 < X-Server-Time: 1657181682416
1 < X-Trello-Environment: Production
1 < X-Trello-Version: 1.141221.0
1 < X-Xss-Protection: 1; mode=block
{"id":"62c695f245efcd32162e101e","name":"Myria Jordayne","desc":"","descData":null,"closed":false,"idOrganization":"62c695f1573a77443b8ecb85","idEnterprise":null,"pinned":false,"url":"https://trello.com/b/kG7YUZWu/myria-jordayne","shortUrl":"https://trello.com/b/kG7YUZWu","prefs":{"permissionLevel":"private","hideVotes":false,"voting":"disabled","comments":"members","invitations":"members","selfJoin":true,"cardCovers":true,"isTemplate":false,"cardAging":"regular","calendarFeedEnabled":false,"hiddenPluginBoardButtons":[],"switcherViews":[{"_id":"62c695f245efcd32162e101f","viewType":"Board","enabled":true},{"_id":"62c695f245efcd32162e1020","viewType":"Table","enabled":true},{"_id":"62c695f245efcd32162e1021","viewType":"Calendar","enabled":false},{"_id":"62c695f245efcd32162e1022","viewType":"Dashboard","enabled":false},{"_id":"62c695f245efcd32162e1023","viewType":"Timeline","enabled":false},{"_id":"62c695f245efcd32162e1024","viewType":"Map","enabled":false}],"background":"blue","backgroundColor":"#0079BF","backgroundImage":null,"backgroundImageScaled":null,"backgroundTile":false,"backgroundBrightness":"dark","backgroundBottomColor":"#0079BF","backgroundTopColor":"#0079BF","canBePublic":true,"canBeEnterprise":true,"canBeOrg":true,"canBePrivate":true,"canInvite":true},"labelNames":{"green":"","yellow":"","orange":"","red":"","purple":"","blue":"","sky":"","lime":"","pink":"","black":"","green_dark":"","yellow_dark":"","orange_dark":"","red_dark":"","purple_dark":"","blue_dark":"","sky_dark":"","lime_dark":"","pink_dark":"","black_dark":"","green_light":"","yellow_light":"","orange_light":"","red_light":"","purple_light":"","blue_light":"","sky_light":"","lime_light":"","pink_light":"","black_light":""},"limits":{}}

11:14:42.505 not a js function or feature file: [type: NULL, value: null]
11:14:42.533 request:
1 > POST https://api.trello.com/1/lists?key=e2f4dc48ca5fe1543d15bf268ec6832a&token=e23c998dac52c53e201eb580532f4dc77690afb1a539eb2c068ed79307589c21&name=RJAA&idBoard=62c695f245efcd32162e101e
1 > Accept: application/json
1 > Accept-Encoding: gzip,deflate
1 > Connection: Keep-Alive
1 > Content-Length: 0
1 > Content-Type: text/plain; charset=UTF-8
1 > Cookie: preAuthProps=s%3A5e0ce63c48923a5e17e14879%3AisEnterpriseAdmin%3Dfalse.%2Bap%2BiAsGVo9wGkMGyBy9Bpfk96XhXhW5U1YJeodUlYY
1 > Host: api.trello.com
1 > User-Agent: Apache-HttpClient/4.5.12 (Java/11.0.15)


11:14:43.047 response time in milliseconds: 510.82
1 < 200
1 < Access-Control-Allow-Headers: Authorization, Accept, Content-Type
1 < Access-Control-Allow-Methods: GET, PUT, POST, DELETE
1 < Access-Control-Allow-Origin: *
1 < Access-Control-Expose-Headers: x-rate-limit-api-key-interval-ms, x-rate-limit-api-key-max, x-rate-limit-api-key-remaining, x-rate-limit-api-token-interval-ms, x-rate-limit-api-token-max, x-rate-limit-api-token-remaining
1 < Atl-Traceid: ca2d11402fa008e9
1 < Cache-Control: max-age=0, must-revalidate, no-cache, no-store
1 < Content-Type: application/json; charset=utf-8
1 < Date: Thu, 07 Jul 2022 08:14:42 GMT
1 < Expect-Ct: report-uri="https://web-security-reports.services.atlassian.com/expect-ct-report/trello-edge", max-age=86400
1 < Expires: Thu, 01 Jan 1970 00:00:00
1 < Nel: {"report_to": "endpoint-1", "max_age": 600, "include_subdomains": true, "failure_fraction": 0.001}
1 < Pragma: no-cache
1 < Referrer-Policy: strict-origin-when-cross-origin
1 < Report-To: {"group": "endpoint-1", "max_age": 600, "endpoints": [{"url": "https://dj9s4kmieytgz.cloudfront.net"}], "include_subdomains": true}
1 < Server: globaledge-envoy
1 < Set-Cookie: preAuthProps=s%3A5e0ce63c48923a5e17e14879%3AisEnterpriseAdmin%3Dfalse.%2Bap%2BiAsGVo9wGkMGyBy9Bpfk96XhXhW5U1YJeodUlYY; Path=/; HttpOnly
1 < Strict-Transport-Security: max-age=63072000; preload
1 < Surrogate-Control: no-store
1 < Transfer-Encoding: chunked
1 < X-Content-Type-Options: nosniff
1 < X-Dns-Prefetch-Control: off
1 < X-Download-Options: noopen
1 < X-Envoy-Upstream-Service-Time: 176
1 < X-Frame-Options: DENY
1 < X-Permitted-Cross-Domain-Policies: none
1 < X-Rate-Limit-Action-Interval-Ms: 3600000
1 < X-Rate-Limit-Action-Max: 15000
1 < X-Rate-Limit-Action-Remaining: 14999
1 < X-Rate-Limit-Api-Key-Interval-Ms: 10000
1 < X-Rate-Limit-Api-Key-Max: 300
1 < X-Rate-Limit-Api-Key-Remaining: 297
1 < X-Rate-Limit-Api-Token-Interval-Ms: 10000
1 < X-Rate-Limit-Api-Token-Max: 100
1 < X-Rate-Limit-Api-Token-Remaining: 97
1 < X-Rate-Limit-Db-Query-Time-Interval-Ms: 600000
1 < X-Rate-Limit-Db-Query-Time-Max: 7200000
1 < X-Rate-Limit-Db-Query-Time-Remaining: 7199990
1 < X-Rate-Limit-Member-Interval-Ms: 10000
1 < X-Rate-Limit-Member-Max: 375
1 < X-Rate-Limit-Member-Remaining: 372
1 < X-Server-Time: 1657181682958
1 < X-Trello-Environment: Production
1 < X-Trello-Version: 1.141221.0
1 < X-Xss-Protection: 1; mode=block
{"id":"62c695f253177e2575efb4ab","name":"RJAA","closed":false,"idBoard":"62c695f245efcd32162e101e","pos":8192,"limits":{}}

11:14:43.106 not a js function or feature file: [type: NULL, value: null]
11:14:43.124 request:
1 > POST https://api.trello.com/1/cards?key=e2f4dc48ca5fe1543d15bf268ec6832a&token=e23c998dac52c53e201eb580532f4dc77690afb1a539eb2c068ed79307589c21&name=orange&idList=62c695f253177e2575efb4ab
1 > Accept: application/json
1 > Accept-Encoding: gzip,deflate
1 > Connection: Keep-Alive
1 > Content-Length: 0
1 > Content-Type: text/plain; charset=UTF-8
1 > Cookie: preAuthProps=s%3A5e0ce63c48923a5e17e14879%3AisEnterpriseAdmin%3Dfalse.%2Bap%2BiAsGVo9wGkMGyBy9Bpfk96XhXhW5U1YJeodUlYY
1 > Host: api.trello.com
1 > User-Agent: Apache-HttpClient/4.5.12 (Java/11.0.15)


11:14:43.745 response time in milliseconds: 618.84
1 < 200
1 < Access-Control-Allow-Headers: Authorization, Accept, Content-Type
1 < Access-Control-Allow-Methods: GET, PUT, POST, DELETE
1 < Access-Control-Allow-Origin: *
1 < Access-Control-Expose-Headers: x-rate-limit-api-key-interval-ms, x-rate-limit-api-key-max, x-rate-limit-api-key-remaining, x-rate-limit-api-token-interval-ms, x-rate-limit-api-token-max, x-rate-limit-api-token-remaining
1 < Atl-Traceid: 4823922db3f5844c
1 < Cache-Control: max-age=0, must-revalidate, no-cache, no-store
1 < Content-Type: application/json; charset=utf-8
1 < Date: Thu, 07 Jul 2022 08:14:43 GMT
1 < Expect-Ct: report-uri="https://web-security-reports.services.atlassian.com/expect-ct-report/trello-edge", max-age=86400
1 < Expires: Thu, 01 Jan 1970 00:00:00
1 < Nel: {"report_to": "endpoint-1", "max_age": 600, "include_subdomains": true, "failure_fraction": 0.001}
1 < Pragma: no-cache
1 < Referrer-Policy: strict-origin-when-cross-origin
1 < Report-To: {"group": "endpoint-1", "max_age": 600, "endpoints": [{"url": "https://dj9s4kmieytgz.cloudfront.net"}], "include_subdomains": true}
1 < Server: globaledge-envoy
1 < Set-Cookie: preAuthProps=s%3A5e0ce63c48923a5e17e14879%3AisEnterpriseAdmin%3Dfalse.%2Bap%2BiAsGVo9wGkMGyBy9Bpfk96XhXhW5U1YJeodUlYY; Path=/; HttpOnly
1 < Strict-Transport-Security: max-age=63072000; preload
1 < Surrogate-Control: no-store
1 < Transfer-Encoding: chunked
1 < X-Content-Type-Options: nosniff
1 < X-Dns-Prefetch-Control: off
1 < X-Download-Options: noopen
1 < X-Envoy-Upstream-Service-Time: 248
1 < X-Frame-Options: DENY
1 < X-Permitted-Cross-Domain-Policies: none
1 < X-Rate-Limit-Action-Interval-Ms: 3600000
1 < X-Rate-Limit-Action-Max: 15000
1 < X-Rate-Limit-Action-Remaining: 14999
1 < X-Rate-Limit-Api-Key-Interval-Ms: 10000
1 < X-Rate-Limit-Api-Key-Max: 300
1 < X-Rate-Limit-Api-Key-Remaining: 296
1 < X-Rate-Limit-Api-Token-Interval-Ms: 10000
1 < X-Rate-Limit-Api-Token-Max: 100
1 < X-Rate-Limit-Api-Token-Remaining: 96
1 < X-Rate-Limit-Db-Query-Time-Interval-Ms: 600000
1 < X-Rate-Limit-Db-Query-Time-Max: 7200000
1 < X-Rate-Limit-Db-Query-Time-Remaining: 7199990
1 < X-Rate-Limit-Member-Interval-Ms: 10000
1 < X-Rate-Limit-Member-Max: 375
1 < X-Rate-Limit-Member-Remaining: 371
1 < X-Server-Time: 1657181683675
1 < X-Trello-Environment: Production
1 < X-Trello-Version: 1.141221.0
1 < X-Xss-Protection: 1; mode=block
{"attachments":[],"stickers":[],"id":"62c695f39133f91712e8dc96","badges":{"attachmentsByType":{"trello":{"board":0,"card":0}},"location":false,"votes":0,"viewingMemberVoted":false,"subscribed":false,"fogbugz":"","checkItems":0,"checkItemsChecked":0,"checkItemsEarliestDue":null,"comments":0,"attachments":0,"description":false,"due":null,"dueComplete":false,"start":null},"checkItemStates":[],"closed":false,"dueComplete":false,"dateLastActivity":"2022-07-07T08:14:43.607Z","desc":"","descData":{"emoji":{}},"due":null,"dueReminder":null,"email":null,"idBoard":"62c695f245efcd32162e101e","idChecklists":[],"idList":"62c695f253177e2575efb4ab","idMembers":[],"idMembersVoted":[],"idShort":1,"idAttachmentCover":null,"labels":[],"idLabels":[],"manualCoverAttachment":false,"name":"orange","pos":16384,"shortLink":"TSzfARgL","shortUrl":"https://trello.com/c/TSzfARgL","start":null,"subscribed":false,"url":"https://trello.com/c/TSzfARgL/1-orange","cover":{"idAttachment":null,"color":null,"idUploadedBackground":null,"size":"normal","brightness":"dark","idPlugin":null},"isTemplate":false,"cardRole":null,"limits":{}}

11:14:43.753 [print] kart ID1--- 62c695f39133f91712e8dc96
11:14:43.765 request:
2 > POST https://api.trello.com/1/cards?key=e2f4dc48ca5fe1543d15bf268ec6832a&token=e23c998dac52c53e201eb580532f4dc77690afb1a539eb2c068ed79307589c21&name=cyan&idList=62c695f253177e2575efb4ab
2 > Accept: application/json
2 > Accept-Encoding: gzip,deflate
2 > Connection: Keep-Alive
2 > Content-Length: 0
2 > Content-Type: text/plain; charset=UTF-8
2 > Cookie: preAuthProps=s%3A5e0ce63c48923a5e17e14879%3AisEnterpriseAdmin%3Dfalse.%2Bap%2BiAsGVo9wGkMGyBy9Bpfk96XhXhW5U1YJeodUlYY
2 > Host: api.trello.com
2 > User-Agent: Apache-HttpClient/4.5.12 (Java/11.0.15)


11:14:44.277 response time in milliseconds: 510.40
2 < 200
2 < Access-Control-Allow-Headers: Authorization, Accept, Content-Type
2 < Access-Control-Allow-Methods: GET, PUT, POST, DELETE
2 < Access-Control-Allow-Origin: *
2 < Access-Control-Expose-Headers: x-rate-limit-api-key-interval-ms, x-rate-limit-api-key-max, x-rate-limit-api-key-remaining, x-rate-limit-api-token-interval-ms, x-rate-limit-api-token-max, x-rate-limit-api-token-remaining
2 < Atl-Traceid: b9d30a502634f762
2 < Cache-Control: max-age=0, must-revalidate, no-cache, no-store
2 < Content-Type: application/json; charset=utf-8
2 < Date: Thu, 07 Jul 2022 08:14:44 GMT
2 < Expect-Ct: report-uri="https://web-security-reports.services.atlassian.com/expect-ct-report/trello-edge", max-age=86400
2 < Expires: Thu, 01 Jan 1970 00:00:00
2 < Nel: {"report_to": "endpoint-1", "max_age": 600, "include_subdomains": true, "failure_fraction": 0.001}
2 < Pragma: no-cache
2 < Referrer-Policy: strict-origin-when-cross-origin
2 < Report-To: {"group": "endpoint-1", "max_age": 600, "endpoints": [{"url": "https://dj9s4kmieytgz.cloudfront.net"}], "include_subdomains": true}
2 < Server: globaledge-envoy
2 < Set-Cookie: preAuthProps=s%3A5e0ce63c48923a5e17e14879%3AisEnterpriseAdmin%3Dfalse.%2Bap%2BiAsGVo9wGkMGyBy9Bpfk96XhXhW5U1YJeodUlYY; Path=/; HttpOnly
2 < Strict-Transport-Security: max-age=63072000; preload
2 < Surrogate-Control: no-store
2 < Transfer-Encoding: chunked
2 < X-Content-Type-Options: nosniff
2 < X-Dns-Prefetch-Control: off
2 < X-Download-Options: noopen
2 < X-Envoy-Upstream-Service-Time: 262
2 < X-Frame-Options: DENY
2 < X-Permitted-Cross-Domain-Policies: none
2 < X-Rate-Limit-Action-Interval-Ms: 3600000
2 < X-Rate-Limit-Action-Max: 15000
2 < X-Rate-Limit-Action-Remaining: 14999
2 < X-Rate-Limit-Api-Key-Interval-Ms: 10000
2 < X-Rate-Limit-Api-Key-Max: 300
2 < X-Rate-Limit-Api-Key-Remaining: 295
2 < X-Rate-Limit-Api-Token-Interval-Ms: 10000
2 < X-Rate-Limit-Api-Token-Max: 100
2 < X-Rate-Limit-Api-Token-Remaining: 95
2 < X-Rate-Limit-Db-Query-Time-Interval-Ms: 600000
2 < X-Rate-Limit-Db-Query-Time-Max: 7200000
2 < X-Rate-Limit-Db-Query-Time-Remaining: 7199990
2 < X-Rate-Limit-Member-Interval-Ms: 10000
2 < X-Rate-Limit-Member-Max: 375
2 < X-Rate-Limit-Member-Remaining: 370
2 < X-Server-Time: 1657181684207
2 < X-Trello-Environment: Production
2 < X-Trello-Version: 1.141221.0
2 < X-Xss-Protection: 1; mode=block
{"attachments":[],"stickers":[],"id":"62c695f422e8ac37a008be84","badges":{"attachmentsByType":{"trello":{"board":0,"card":0}},"location":false,"votes":0,"viewingMemberVoted":false,"subscribed":false,"fogbugz":"","checkItems":0,"checkItemsChecked":0,"checkItemsEarliestDue":null,"comments":0,"attachments":0,"description":false,"due":null,"dueComplete":false,"start":null},"checkItemStates":[],"closed":false,"dueComplete":false,"dateLastActivity":"2022-07-07T08:14:44.134Z","desc":"","descData":{"emoji":{}},"due":null,"dueReminder":null,"email":null,"idBoard":"62c695f245efcd32162e101e","idChecklists":[],"idList":"62c695f253177e2575efb4ab","idMembers":[],"idMembersVoted":[],"idShort":2,"idAttachmentCover":null,"labels":[],"idLabels":[],"manualCoverAttachment":false,"name":"cyan","pos":32768,"shortLink":"7qkEuuLJ","shortUrl":"https://trello.com/c/7qkEuuLJ","start":null,"subscribed":false,"url":"https://trello.com/c/7qkEuuLJ/2-cyan","cover":{"idAttachment":null,"color":null,"idUploadedBackground":null,"size":"normal","brightness":"dark","idPlugin":null},"isTemplate":false,"cardRole":null,"limits":{}}

11:14:44.284 [print] kart ID2--- 62c695f422e8ac37a008be84
11:14:44.335 request:
1 > GET https://api.trello.com/1/cards/62c695f39133f91712e8dc96?token=e23c998dac52c53e201eb580532f4dc77690afb1a539eb2c068ed79307589c21&key=e2f4dc48ca5fe1543d15bf268ec6832a
1 > Accept: application/json
1 > Accept-Encoding: gzip,deflate
1 > Connection: Keep-Alive
1 > Cookie: preAuthProps=s%3A5e0ce63c48923a5e17e14879%3AisEnterpriseAdmin%3Dfalse.%2Bap%2BiAsGVo9wGkMGyBy9Bpfk96XhXhW5U1YJeodUlYY
1 > Host: api.trello.com
1 > User-Agent: Apache-HttpClient/4.5.12 (Java/11.0.15)

11:14:44.842 response time in milliseconds: 503.34
1 < 200
1 < Access-Control-Allow-Headers: Authorization, Accept, Content-Type
1 < Access-Control-Allow-Methods: GET, PUT, POST, DELETE
1 < Access-Control-Allow-Origin: *
1 < Access-Control-Expose-Headers: x-rate-limit-api-key-interval-ms, x-rate-limit-api-key-max, x-rate-limit-api-key-remaining, x-rate-limit-api-token-interval-ms, x-rate-limit-api-token-max, x-rate-limit-api-token-remaining
1 < Atl-Traceid: b8cbd535bf183b16
1 < Cache-Control: max-age=0, must-revalidate, no-cache, no-store
1 < Content-Type: application/json; charset=utf-8
1 < Date: Thu, 07 Jul 2022 08:14:44 GMT
1 < Expect-Ct: report-uri="https://web-security-reports.services.atlassian.com/expect-ct-report/trello-edge", max-age=86400
1 < Expires: Thu, 01 Jan 1970 00:00:00
1 < Nel: {"report_to": "endpoint-1", "max_age": 600, "include_subdomains": true, "failure_fraction": 0.001}
1 < Pragma: no-cache
1 < Referrer-Policy: strict-origin-when-cross-origin
1 < Report-To: {"group": "endpoint-1", "max_age": 600, "endpoints": [{"url": "https://dj9s4kmieytgz.cloudfront.net"}], "include_subdomains": true}
1 < Server: globaledge-envoy
1 < Set-Cookie: [dsc=c8edc61a4db8d46e83c305149f5a08ae535df7af76591b5f5f4b9a33e3c07397; Path=/; Expires=Sun, 10 Jul 2022 08:14:44 GMT; Secure, preAuthProps=s%3A5e0ce63c48923a5e17e14879%3AisEnterpriseAdmin%3Dfalse.%2Bap%2BiAsGVo9wGkMGyBy9Bpfk96XhXhW5U1YJeodUlYY; Path=/; HttpOnly]
1 < Strict-Transport-Security: max-age=63072000; preload
1 < Surrogate-Control: no-store
1 < Transfer-Encoding: chunked
1 < X-Content-Type-Options: nosniff
1 < X-Dns-Prefetch-Control: off
1 < X-Download-Options: noopen
1 < X-Envoy-Upstream-Service-Time: 140
1 < X-Frame-Options: DENY
1 < X-Permitted-Cross-Domain-Policies: none
1 < X-Rate-Limit-Api-Key-Interval-Ms: 10000
1 < X-Rate-Limit-Api-Key-Max: 300
1 < X-Rate-Limit-Api-Key-Remaining: 294
1 < X-Rate-Limit-Api-Token-Interval-Ms: 10000
1 < X-Rate-Limit-Api-Token-Max: 100
1 < X-Rate-Limit-Api-Token-Remaining: 94
1 < X-Rate-Limit-Db-Query-Time-Interval-Ms: 600000
1 < X-Rate-Limit-Db-Query-Time-Max: 7200000
1 < X-Rate-Limit-Db-Query-Time-Remaining: 7199990
1 < X-Rate-Limit-Member-Interval-Ms: 10000
1 < X-Rate-Limit-Member-Max: 375
1 < X-Rate-Limit-Member-Remaining: 369
1 < X-Server-Time: 1657181684734
1 < X-Trello-Environment: Production
1 < X-Trello-Version: 1.141221.0
1 < X-Xss-Protection: 1; mode=block
{"checkItemStates":null,"id":"62c695f39133f91712e8dc96","badges":{"attachmentsByType":{"trello":{"board":0,"card":0}},"location":false,"votes":0,"viewingMemberVoted":false,"subscribed":false,"fogbugz":"","checkItems":0,"checkItemsChecked":0,"checkItemsEarliestDue":null,"comments":0,"attachments":0,"description":false,"due":null,"dueComplete":false,"start":null},"closed":false,"dueComplete":false,"dateLastActivity":"2022-07-07T08:14:43.607Z","desc":"","descData":{"emoji":{}},"due":null,"dueReminder":null,"email":null,"idBoard":"62c695f245efcd32162e101e","idChecklists":[],"idList":"62c695f253177e2575efb4ab","idMembers":[],"idMembersVoted":[],"idShort":1,"idAttachmentCover":null,"labels":[],"idLabels":[],"manualCoverAttachment":false,"name":"orange","pos":16384,"shortLink":"TSzfARgL","shortUrl":"https://trello.com/c/TSzfARgL","start":null,"subscribed":false,"url":"https://trello.com/c/TSzfARgL/1-orange","cover":{"idAttachment":null,"color":null,"idUploadedBackground":null,"size":"normal","brightness":"dark","idPlugin":null},"isTemplate":false,"cardRole":null}

11:14:44.866 request:
2 > PUT https://api.trello.com/1/cards/62c695f39133f91712e8dc96?token=e23c998dac52c53e201eb580532f4dc77690afb1a539eb2c068ed79307589c21&key=e2f4dc48ca5fe1543d15bf268ec6832a&name=blue
2 > Accept: application/json
2 > Accept-Encoding: gzip,deflate
2 > Connection: Keep-Alive
2 > Content-Length: 0
2 > Content-Type: text/plain; charset=UTF-8
2 > Cookie: dsc=c8edc61a4db8d46e83c305149f5a08ae535df7af76591b5f5f4b9a33e3c07397; preAuthProps=s%3A5e0ce63c48923a5e17e14879%3AisEnterpriseAdmin%3Dfalse.%2Bap%2BiAsGVo9wGkMGyBy9Bpfk96XhXhW5U1YJeodUlYY
2 > Host: api.trello.com
2 > User-Agent: Apache-HttpClient/4.5.12 (Java/11.0.15)


11:14:45.365 response time in milliseconds: 495.90
2 < 200
2 < Access-Control-Allow-Headers: Authorization, Accept, Content-Type
2 < Access-Control-Allow-Methods: GET, PUT, POST, DELETE
2 < Access-Control-Allow-Origin: *
2 < Access-Control-Expose-Headers: x-rate-limit-api-key-interval-ms, x-rate-limit-api-key-max, x-rate-limit-api-key-remaining, x-rate-limit-api-token-interval-ms, x-rate-limit-api-token-max, x-rate-limit-api-token-remaining
2 < Atl-Traceid: 4ad3e61f7b55999c
2 < Cache-Control: max-age=0, must-revalidate, no-cache, no-store
2 < Content-Type: application/json; charset=utf-8
2 < Date: Thu, 07 Jul 2022 08:14:45 GMT
2 < Expect-Ct: report-uri="https://web-security-reports.services.atlassian.com/expect-ct-report/trello-edge", max-age=86400
2 < Expires: Thu, 01 Jan 1970 00:00:00
2 < Nel: {"report_to": "endpoint-1", "max_age": 600, "include_subdomains": true, "failure_fraction": 0.001}
2 < Pragma: no-cache
2 < Referrer-Policy: strict-origin-when-cross-origin
2 < Report-To: {"group": "endpoint-1", "max_age": 600, "endpoints": [{"url": "https://dj9s4kmieytgz.cloudfront.net"}], "include_subdomains": true}
2 < Server: globaledge-envoy
2 < Set-Cookie: preAuthProps=s%3A5e0ce63c48923a5e17e14879%3AisEnterpriseAdmin%3Dfalse.%2Bap%2BiAsGVo9wGkMGyBy9Bpfk96XhXhW5U1YJeodUlYY; Path=/; HttpOnly
2 < Strict-Transport-Security: max-age=63072000; preload
2 < Surrogate-Control: no-store
2 < Transfer-Encoding: chunked
2 < X-Content-Type-Options: nosniff
2 < X-Dns-Prefetch-Control: off
2 < X-Download-Options: noopen
2 < X-Envoy-Upstream-Service-Time: 182
2 < X-Frame-Options: DENY
2 < X-Permitted-Cross-Domain-Policies: none
2 < X-Rate-Limit-Action-Interval-Ms: 3600000
2 < X-Rate-Limit-Action-Max: 15000
2 < X-Rate-Limit-Action-Remaining: 14999
2 < X-Rate-Limit-Api-Key-Interval-Ms: 10000
2 < X-Rate-Limit-Api-Key-Max: 300
2 < X-Rate-Limit-Api-Key-Remaining: 293
2 < X-Rate-Limit-Api-Token-Interval-Ms: 10000
2 < X-Rate-Limit-Api-Token-Max: 100
2 < X-Rate-Limit-Api-Token-Remaining: 93
2 < X-Rate-Limit-Db-Query-Time-Interval-Ms: 600000
2 < X-Rate-Limit-Db-Query-Time-Max: 7200000
2 < X-Rate-Limit-Db-Query-Time-Remaining: 7199990
2 < X-Rate-Limit-Member-Interval-Ms: 10000
2 < X-Rate-Limit-Member-Max: 375
2 < X-Rate-Limit-Member-Remaining: 368
2 < X-Server-Time: 1657181685266
2 < X-Trello-Environment: Production
2 < X-Trello-Version: 1.141221.0
2 < X-Xss-Protection: 1; mode=block
{"id":"62c695f39133f91712e8dc96","badges":{"attachmentsByType":{"trello":{"board":0,"card":0}},"location":false,"votes":0,"viewingMemberVoted":false,"subscribed":false,"fogbugz":"","checkItems":0,"checkItemsChecked":0,"checkItemsEarliestDue":null,"comments":0,"attachments":0,"description":false,"due":null,"dueComplete":false,"start":null},"checkItemStates":[],"closed":false,"dueComplete":false,"dateLastActivity":"2022-07-07T08:14:45.213Z","desc":"","descData":{"emoji":{}},"due":null,"dueReminder":null,"email":null,"idBoard":"62c695f245efcd32162e101e","idChecklists":[],"idList":"62c695f253177e2575efb4ab","idMembers":[],"idMembersVoted":[],"idShort":1,"idAttachmentCover":null,"labels":[],"idLabels":[],"manualCoverAttachment":false,"name":"blue","pos":16384,"shortLink":"TSzfARgL","shortUrl":"https://trello.com/c/TSzfARgL","start":null,"subscribed":false,"url":"https://trello.com/c/TSzfARgL/1-blue","cover":{"idAttachment":null,"color":null,"idUploadedBackground":null,"size":"normal","brightness":"dark","idPlugin":null},"isTemplate":false,"cardRole":null}

11:14:45.383 request:
3 > DELETE https://api.trello.com/1/organizations/62c695f1573a77443b8ecb85?token=e23c998dac52c53e201eb580532f4dc77690afb1a539eb2c068ed79307589c21&key=e2f4dc48ca5fe1543d15bf268ec6832a
3 > Accept: application/json
3 > Accept-Encoding: gzip,deflate
3 > Connection: Keep-Alive
3 > Content-Length: 0
3 > Content-Type: text/plain; charset=UTF-8
3 > Cookie: dsc=c8edc61a4db8d46e83c305149f5a08ae535df7af76591b5f5f4b9a33e3c07397; preAuthProps=s%3A5e0ce63c48923a5e17e14879%3AisEnterpriseAdmin%3Dfalse.%2Bap%2BiAsGVo9wGkMGyBy9Bpfk96XhXhW5U1YJeodUlYY
3 > Host: api.trello.com
3 > User-Agent: Apache-HttpClient/4.5.12 (Java/11.0.15)


11:14:46.057 response time in milliseconds: 672.19
3 < 200
3 < Access-Control-Allow-Headers: Authorization, Accept, Content-Type
3 < Access-Control-Allow-Methods: GET, PUT, POST, DELETE
3 < Access-Control-Allow-Origin: *
3 < Access-Control-Expose-Headers: x-rate-limit-api-key-interval-ms, x-rate-limit-api-key-max, x-rate-limit-api-key-remaining, x-rate-limit-api-token-interval-ms, x-rate-limit-api-token-max, x-rate-limit-api-token-remaining
3 < Atl-Traceid: 202ccb4dc14ecdd9
3 < Cache-Control: max-age=0, must-revalidate, no-cache, no-store
3 < Content-Type: application/json; charset=utf-8
3 < Date: Thu, 07 Jul 2022 08:14:45 GMT
3 < Expect-Ct: report-uri="https://web-security-reports.services.atlassian.com/expect-ct-report/trello-edge", max-age=86400
3 < Expires: Thu, 01 Jan 1970 00:00:00
3 < Nel: {"report_to": "endpoint-1", "max_age": 600, "include_subdomains": true, "failure_fraction": 0.001}
3 < Pragma: no-cache
3 < Referrer-Policy: strict-origin-when-cross-origin
3 < Report-To: {"group": "endpoint-1", "max_age": 600, "endpoints": [{"url": "https://dj9s4kmieytgz.cloudfront.net"}], "include_subdomains": true}
3 < Server: globaledge-envoy
3 < Set-Cookie: preAuthProps=s%3A5e0ce63c48923a5e17e14879%3AisEnterpriseAdmin%3Dfalse.%2Bap%2BiAsGVo9wGkMGyBy9Bpfk96XhXhW5U1YJeodUlYY; Path=/; HttpOnly
3 < Strict-Transport-Security: max-age=63072000; preload
3 < Surrogate-Control: no-store
3 < Transfer-Encoding: chunked
3 < X-Content-Type-Options: nosniff
3 < X-Dns-Prefetch-Control: off
3 < X-Download-Options: noopen
3 < X-Envoy-Upstream-Service-Time: 420
3 < X-Frame-Options: DENY
3 < X-Permitted-Cross-Domain-Policies: none
3 < X-Rate-Limit-Action-Interval-Ms: 3600000
3 < X-Rate-Limit-Action-Max: 15000
3 < X-Rate-Limit-Action-Remaining: 14999
3 < X-Rate-Limit-Api-Key-Interval-Ms: 10000
3 < X-Rate-Limit-Api-Key-Max: 300
3 < X-Rate-Limit-Api-Key-Remaining: 292
3 < X-Rate-Limit-Api-Token-Interval-Ms: 10000
3 < X-Rate-Limit-Api-Token-Max: 100
3 < X-Rate-Limit-Api-Token-Remaining: 92
3 < X-Rate-Limit-Db-Query-Time-Interval-Ms: 600000
3 < X-Rate-Limit-Db-Query-Time-Max: 7200000
3 < X-Rate-Limit-Db-Query-Time-Remaining: 7199990
3 < X-Rate-Limit-Member-Interval-Ms: 10000
3 < X-Rate-Limit-Member-Max: 375
3 < X-Rate-Limit-Member-Remaining: 367
3 < X-Server-Time: 1657181685989
3 < X-Trello-Environment: Production
3 < X-Trello-Version: 1.141221.0
3 < X-Xss-Protection: 1; mode=block
{}

11:14:46.083 request:
4 > DELETE https://api.trello.com/1/boards/62c695f245efcd32162e101e?token=e23c998dac52c53e201eb580532f4dc77690afb1a539eb2c068ed79307589c21&key=e2f4dc48ca5fe1543d15bf268ec6832a
4 > Accept: application/json
4 > Accept-Encoding: gzip,deflate
4 > Connection: Keep-Alive
4 > Content-Length: 0
4 > Content-Type: text/plain; charset=UTF-8
4 > Cookie: dsc=c8edc61a4db8d46e83c305149f5a08ae535df7af76591b5f5f4b9a33e3c07397; preAuthProps=s%3A5e0ce63c48923a5e17e14879%3AisEnterpriseAdmin%3Dfalse.%2Bap%2BiAsGVo9wGkMGyBy9Bpfk96XhXhW5U1YJeodUlYY
4 > Host: api.trello.com
4 > User-Agent: Apache-HttpClient/4.5.12 (Java/11.0.15)


11:14:46.749 response time in milliseconds: 664.85
4 < 200
4 < Access-Control-Allow-Headers: Authorization, Accept, Content-Type
4 < Access-Control-Allow-Methods: GET, PUT, POST, DELETE
4 < Access-Control-Allow-Origin: *
4 < Access-Control-Expose-Headers: x-rate-limit-api-key-interval-ms, x-rate-limit-api-key-max, x-rate-limit-api-key-remaining, x-rate-limit-api-token-interval-ms, x-rate-limit-api-token-max, x-rate-limit-api-token-remaining
4 < Atl-Traceid: 1bcaa0d7c91fdee6
4 < Cache-Control: max-age=0, must-revalidate, no-cache, no-store
4 < Content-Type: application/json; charset=utf-8
4 < Date: Thu, 07 Jul 2022 08:14:46 GMT
4 < Expect-Ct: report-uri="https://web-security-reports.services.atlassian.com/expect-ct-report/trello-edge", max-age=86400
4 < Expires: Thu, 01 Jan 1970 00:00:00
4 < Nel: {"report_to": "endpoint-1", "max_age": 600, "include_subdomains": true, "failure_fraction": 0.001}
4 < Pragma: no-cache
4 < Referrer-Policy: strict-origin-when-cross-origin
4 < Report-To: {"group": "endpoint-1", "max_age": 600, "endpoints": [{"url": "https://dj9s4kmieytgz.cloudfront.net"}], "include_subdomains": true}
4 < Server: globaledge-envoy
4 < Set-Cookie: preAuthProps=s%3A5e0ce63c48923a5e17e14879%3AisEnterpriseAdmin%3Dfalse.%2Bap%2BiAsGVo9wGkMGyBy9Bpfk96XhXhW5U1YJeodUlYY; Path=/; HttpOnly
4 < Strict-Transport-Security: max-age=63072000; preload
4 < Surrogate-Control: no-store
4 < Transfer-Encoding: chunked
4 < X-Content-Type-Options: nosniff
4 < X-Dns-Prefetch-Control: off
4 < X-Download-Options: noopen
4 < X-Envoy-Upstream-Service-Time: 352
4 < X-Frame-Options: DENY
4 < X-Permitted-Cross-Domain-Policies: none
4 < X-Rate-Limit-Action-Interval-Ms: 3600000
4 < X-Rate-Limit-Action-Max: 15000
4 < X-Rate-Limit-Action-Remaining: 14999
4 < X-Rate-Limit-Api-Key-Interval-Ms: 10000
4 < X-Rate-Limit-Api-Key-Max: 300
4 < X-Rate-Limit-Api-Key-Remaining: 291
4 < X-Rate-Limit-Api-Token-Interval-Ms: 10000
4 < X-Rate-Limit-Api-Token-Max: 100
4 < X-Rate-Limit-Api-Token-Remaining: 91
4 < X-Rate-Limit-Db-Query-Time-Interval-Ms: 600000
4 < X-Rate-Limit-Db-Query-Time-Max: 7200000
4 < X-Rate-Limit-Db-Query-Time-Remaining: 7199990
4 < X-Rate-Limit-Member-Interval-Ms: 10000
4 < X-Rate-Limit-Member-Max: 375
4 < X-Rate-Limit-Member-Remaining: 366
4 < X-Server-Time: 1657181686679
4 < X-Trello-Environment: Production
4 < X-Trello-Version: 1.141221.0
4 < X-Xss-Protection: 1; mode=block
{"_value":null}


11:14:46.752 request:
5 > GET https://api.trello.com/1/cards/62c695f39133f91712e8dc96?token=e23c998dac52c53e201eb580532f4dc77690afb1a539eb2c068ed79307589c21&key=e2f4dc48ca5fe1543d15bf268ec6832a
5 > Accept: application/json
5 > Accept-Encoding: gzip,deflate
5 > Connection: Keep-Alive
5 > Cookie: dsc=c8edc61a4db8d46e83c305149f5a08ae535df7af76591b5f5f4b9a33e3c07397; preAuthProps=s%3A5e0ce63c48923a5e17e14879%3AisEnterpriseAdmin%3Dfalse.%2Bap%2BiAsGVo9wGkMGyBy9Bpfk96XhXhW5U1YJeodUlYY
5 > Host: api.trello.com
5 > User-Agent: Apache-HttpClient/4.5.12 (Java/11.0.15)

11:14:47.246 response time in milliseconds: 494.08
5 < 404
5 < Access-Control-Allow-Headers: Authorization, Accept, Content-Type
5 < Access-Control-Allow-Methods: GET, PUT, POST, DELETE
5 < Access-Control-Allow-Origin: *
5 < Access-Control-Expose-Headers: x-rate-limit-api-key-interval-ms, x-rate-limit-api-key-max, x-rate-limit-api-key-remaining, x-rate-limit-api-token-interval-ms, x-rate-limit-api-token-max, x-rate-limit-api-token-remaining
5 < Atl-Traceid: 85009f815fd6b915
5 < Cache-Control: no-store, no-cache, must-revalidate, proxy-revalidate
5 < Content-Length: 37
5 < Content-Type: text/plain; charset=utf-8
5 < Date: Thu, 07 Jul 2022 08:14:47 GMT
5 < Expect-Ct: report-uri="https://web-security-reports.services.atlassian.com/expect-ct-report/trello-edge", max-age=86400
5 < Expires: 0
5 < Nel: {"report_to": "endpoint-1", "max_age": 600, "include_subdomains": true, "failure_fraction": 0.001}
5 < Pragma: no-cache
5 < Referrer-Policy: strict-origin-when-cross-origin
5 < Report-To: {"group": "endpoint-1", "max_age": 600, "endpoints": [{"url": "https://dj9s4kmieytgz.cloudfront.net"}], "include_subdomains": true}
5 < Server: globaledge-envoy
5 < Strict-Transport-Security: max-age=63072000; preload
5 < Surrogate-Control: no-store
5 < X-Content-Type-Options: nosniff
5 < X-Dns-Prefetch-Control: off
5 < X-Download-Options: noopen
5 < X-Envoy-Upstream-Service-Time: 111
5 < X-Frame-Options: DENY
5 < X-Permitted-Cross-Domain-Policies: none
5 < X-Rate-Limit-Api-Key-Interval-Ms: 10000
5 < X-Rate-Limit-Api-Key-Max: 300
5 < X-Rate-Limit-Api-Key-Remaining: 290
5 < X-Rate-Limit-Api-Token-Interval-Ms: 10000
5 < X-Rate-Limit-Api-Token-Max: 100
5 < X-Rate-Limit-Api-Token-Remaining: 90
5 < X-Rate-Limit-Db-Query-Time-Interval-Ms: 600000
5 < X-Rate-Limit-Db-Query-Time-Max: 7200000
5 < X-Rate-Limit-Db-Query-Time-Remaining: 7199990
5 < X-Rate-Limit-Member-Interval-Ms: 10000
5 < X-Rate-Limit-Member-Max: 375
5 < X-Rate-Limit-Member-Remaining: 365
5 < X-Trello-Environment: Production
5 < X-Trello-Version: 1.141221.0
5 < X-Xss-Protection: 1; mode=block
The requested resource was not found.

